mode: set
github.com/MikeAustin71/stringopsgo/strops/v2/strops.go:65.62,67.2 1 1
github.com/MikeAustin71/stringopsgo/strops/v2/strops.go:73.67,75.2 1 1
github.com/MikeAustin71/stringopsgo/strops/v2/strops.go:81.72,85.18 3 1
github.com/MikeAustin71/stringopsgo/strops/v2/strops.go:89.2,89.20 1 1
github.com/MikeAustin71/stringopsgo/strops/v2/strops.go:85.18,87.3 1 1
github.com/MikeAustin71/stringopsgo/strops/v2/strops.go:134.61,136.2 1 1
github.com/MikeAustin71/stringopsgo/strops/v2/strops.go:142.66,144.2 1 1
github.com/MikeAustin71/stringopsgo/strops/v2/strops.go:150.71,154.18 3 1
github.com/MikeAustin71/stringopsgo/strops/v2/strops.go:158.2,158.20 1 1
github.com/MikeAustin71/stringopsgo/strops/v2/strops.go:154.18,156.3 1 1
github.com/MikeAustin71/stringopsgo/strops/v2/strops.go:178.57,190.2 10 1
github.com/MikeAustin71/stringopsgo/strops/v2/strops.go:218.60,224.2 4 0
github.com/MikeAustin71/stringopsgo/strops/v2/strops.go:228.64,245.2 16 1
github.com/MikeAustin71/stringopsgo/strops/v2/strops.go:293.112,299.20 3 1
github.com/MikeAustin71/stringopsgo/strops/v2/strops.go:304.2,304.20 1 1
github.com/MikeAustin71/stringopsgo/strops/v2/strops.go:310.2,310.24 1 1
github.com/MikeAustin71/stringopsgo/strops/v2/strops.go:315.2,315.41 1 1
github.com/MikeAustin71/stringopsgo/strops/v2/strops.go:319.2,327.40 6 1
github.com/MikeAustin71/stringopsgo/strops/v2/strops.go:469.2,469.24 1 1
github.com/MikeAustin71/stringopsgo/strops/v2/strops.go:299.20,302.3 1 1
github.com/MikeAustin71/stringopsgo/strops/v2/strops.go:304.20,308.3 1 1
github.com/MikeAustin71/stringopsgo/strops/v2/strops.go:310.24,313.3 1 1
github.com/MikeAustin71/stringopsgo/strops/v2/strops.go:315.41,317.3 1 0
github.com/MikeAustin71/stringopsgo/strops/v2/strops.go:327.40,332.17 2 1
github.com/MikeAustin71/stringopsgo/strops/v2/strops.go:340.3,340.19 1 1
github.com/MikeAustin71/stringopsgo/strops/v2/strops.go:349.3,349.28 1 1
github.com/MikeAustin71/stringopsgo/strops/v2/strops.go:355.3,357.33 2 1
github.com/MikeAustin71/stringopsgo/strops/v2/strops.go:362.3,365.17 2 1
github.com/MikeAustin71/stringopsgo/strops/v2/strops.go:373.3,373.18 1 1
github.com/MikeAustin71/stringopsgo/strops/v2/strops.go:465.3,465.29 1 1
github.com/MikeAustin71/stringopsgo/strops/v2/strops.go:332.17,338.4 1 0
github.com/MikeAustin71/stringopsgo/strops/v2/strops.go:340.19,342.20 1 1
github.com/MikeAustin71/stringopsgo/strops/v2/strops.go:346.4,346.9 1 1
github.com/MikeAustin71/stringopsgo/strops/v2/strops.go:342.20,344.5 1 0
github.com/MikeAustin71/stringopsgo/strops/v2/strops.go:349.28,352.9 3 0
github.com/MikeAustin71/stringopsgo/strops/v2/strops.go:357.33,359.4 1 1
github.com/MikeAustin71/stringopsgo/strops/v2/strops.go:365.17,371.4 1 0
github.com/MikeAustin71/stringopsgo/strops/v2/strops.go:373.18,378.4 1 0
github.com/MikeAustin71/stringopsgo/strops/v2/strops.go:378.9,378.26 1 1
github.com/MikeAustin71/stringopsgo/strops/v2/strops.go:378.26,382.36 1 1
github.com/MikeAustin71/stringopsgo/strops/v2/strops.go:382.36,389.10 3 1
github.com/MikeAustin71/stringopsgo/strops/v2/strops.go:391.10,391.51 1 0
github.com/MikeAustin71/stringopsgo/strops/v2/strops.go:391.51,397.37 1 0
github.com/MikeAustin71/stringopsgo/strops/v2/strops.go:397.37,402.11 3 0
github.com/MikeAustin71/stringopsgo/strops/v2/strops.go:404.11,408.6 2 0
github.com/MikeAustin71/stringopsgo/strops/v2/strops.go:410.10,417.5 3 0
github.com/MikeAustin71/stringopsgo/strops/v2/strops.go:419.9,422.32 1 1
github.com/MikeAustin71/stringopsgo/strops/v2/strops.go:422.32,426.10 3 1
github.com/MikeAustin71/stringopsgo/strops/v2/strops.go:428.10,428.44 1 1
github.com/MikeAustin71/stringopsgo/strops/v2/strops.go:428.44,434.19 2 1
github.com/MikeAustin71/stringopsgo/strops/v2/strops.go:442.5,442.18 1 1
github.com/MikeAustin71/stringopsgo/strops/v2/strops.go:434.19,440.6 1 0
github.com/MikeAustin71/stringopsgo/strops/v2/strops.go:442.18,447.14 2 0
github.com/MikeAustin71/stringopsgo/strops/v2/strops.go:449.11,453.6 2 1
github.com/MikeAustin71/stringopsgo/strops/v2/strops.go:455.10,462.5 2 1
github.com/MikeAustin71/stringopsgo/strops/v2/strops.go:482.71,486.31 2 1
github.com/MikeAustin71/stringopsgo/strops/v2/strops.go:490.2,493.44 3 1
github.com/MikeAustin71/stringopsgo/strops/v2/strops.go:546.2,546.19 1 1
github.com/MikeAustin71/stringopsgo/strops/v2/strops.go:486.31,488.3 1 1
github.com/MikeAustin71/stringopsgo/strops/v2/strops.go:493.44,496.16 2 1
github.com/MikeAustin71/stringopsgo/strops/v2/strops.go:497.10,498.27 1 1
github.com/MikeAustin71/stringopsgo/strops/v2/strops.go:499.10,500.26 1 1
github.com/MikeAustin71/stringopsgo/strops/v2/strops.go:501.10,502.26 1 1
github.com/MikeAustin71/stringopsgo/strops/v2/strops.go:503.10,504.26 1 1
github.com/MikeAustin71/stringopsgo/strops/v2/strops.go:505.10,506.26 1 1
github.com/MikeAustin71/stringopsgo/strops/v2/strops.go:507.10,508.26 1 1
github.com/MikeAustin71/stringopsgo/strops/v2/strops.go:509.10,510.26 1 1
github.com/MikeAustin71/stringopsgo/strops/v2/strops.go:511.13,512.24 1 1
github.com/MikeAustin71/stringopsgo/strops/v2/strops.go:513.13,514.24 1 1
github.com/MikeAustin71/stringopsgo/strops/v2/strops.go:515.13,516.24 1 1
github.com/MikeAustin71/stringopsgo/strops/v2/strops.go:517.13,518.24 1 1
github.com/MikeAustin71/stringopsgo/strops/v2/strops.go:519.13,520.24 1 1
github.com/MikeAustin71/stringopsgo/strops/v2/strops.go:521.13,522.24 1 1
github.com/MikeAustin71/stringopsgo/strops/v2/strops.go:523.13,524.24 1 1
github.com/MikeAustin71/stringopsgo/strops/v2/strops.go:525.11,526.25 1 0
github.com/MikeAustin71/stringopsgo/strops/v2/strops.go:527.11,528.25 1 0
github.com/MikeAustin71/stringopsgo/strops/v2/strops.go:529.13,530.23 1 1
github.com/MikeAustin71/stringopsgo/strops/v2/strops.go:531.12,533.20 1 1
github.com/MikeAustin71/stringopsgo/strops/v2/strops.go:539.11,540.22 1 1
github.com/MikeAustin71/stringopsgo/strops/v2/strops.go:533.20,535.5 1 1
github.com/MikeAustin71/stringopsgo/strops/v2/strops.go:535.10,537.5 1 1
github.com/MikeAustin71/stringopsgo/strops/v2/strops.go:552.45,564.2 9 1
github.com/MikeAustin71/stringopsgo/strops/v2/strops.go:569.39,579.2 7 1
github.com/MikeAustin71/stringopsgo/strops/v2/strops.go:584.74,588.21 2 1
github.com/MikeAustin71/stringopsgo/strops/v2/strops.go:592.2,594.29 2 1
github.com/MikeAustin71/stringopsgo/strops/v2/strops.go:598.2,598.14 1 1
github.com/MikeAustin71/stringopsgo/strops/v2/strops.go:588.21,590.3 1 0
github.com/MikeAustin71/stringopsgo/strops/v2/strops.go:594.29,596.3 1 1
github.com/MikeAustin71/stringopsgo/strops/v2/strops.go:690.61,701.23 8 1
github.com/MikeAustin71/stringopsgo/strops/v2/strops.go:707.2,707.18 1 1
github.com/MikeAustin71/stringopsgo/strops/v2/strops.go:713.2,713.30 1 1
github.com/MikeAustin71/stringopsgo/strops/v2/strops.go:722.2,724.36 2 1
github.com/MikeAustin71/stringopsgo/strops/v2/strops.go:732.2,734.37 2 1
github.com/MikeAustin71/stringopsgo/strops/v2/strops.go:741.2,747.34 5 1
github.com/MikeAustin71/stringopsgo/strops/v2/strops.go:777.2,778.28 1 1
github.com/MikeAustin71/stringopsgo/strops/v2/strops.go:785.2,787.30 2 1
github.com/MikeAustin71/stringopsgo/strops/v2/strops.go:818.2,821.28 2 1
github.com/MikeAustin71/stringopsgo/strops/v2/strops.go:828.2,830.36 2 1
github.com/MikeAustin71/stringopsgo/strops/v2/strops.go:849.2,854.32 4 1
github.com/MikeAustin71/stringopsgo/strops/v2/strops.go:904.2,904.30 1 1
github.com/MikeAustin71/stringopsgo/strops/v2/strops.go:908.2,908.77 1 1
github.com/MikeAustin71/stringopsgo/strops/v2/strops.go:912.2,918.36 6 1
github.com/MikeAustin71/stringopsgo/strops/v2/strops.go:924.2,924.24 1 1
github.com/MikeAustin71/stringopsgo/strops/v2/strops.go:701.23,705.3 1 1
github.com/MikeAustin71/stringopsgo/strops/v2/strops.go:707.18,711.3 1 1
github.com/MikeAustin71/stringopsgo/strops/v2/strops.go:713.30,720.3 1 1
github.com/MikeAustin71/stringopsgo/strops/v2/strops.go:724.36,730.3 1 1
github.com/MikeAustin71/stringopsgo/strops/v2/strops.go:734.37,739.3 1 1
github.com/MikeAustin71/stringopsgo/strops/v2/strops.go:747.34,749.49 1 1
github.com/MikeAustin71/stringopsgo/strops/v2/strops.go:749.49,752.29 2 1
github.com/MikeAustin71/stringopsgo/strops/v2/strops.go:756.4,761.46 4 1
github.com/MikeAustin71/stringopsgo/strops/v2/strops.go:766.4,772.9 5 1
github.com/MikeAustin71/stringopsgo/strops/v2/strops.go:752.29,753.13 1 1
github.com/MikeAustin71/stringopsgo/strops/v2/strops.go:761.46,762.13 1 0
github.com/MikeAustin71/stringopsgo/strops/v2/strops.go:778.28,783.3 2 0
github.com/MikeAustin71/stringopsgo/strops/v2/strops.go:787.30,789.45 1 1
github.com/MikeAustin71/stringopsgo/strops/v2/strops.go:789.45,793.24 2 1
github.com/MikeAustin71/stringopsgo/strops/v2/strops.go:797.4,802.41 4 1
github.com/MikeAustin71/stringopsgo/strops/v2/strops.go:807.4,813.9 5 1
github.com/MikeAustin71/stringopsgo/strops/v2/strops.go:793.24,794.13 1 1
github.com/MikeAustin71/stringopsgo/strops/v2/strops.go:802.41,803.13 1 0
github.com/MikeAustin71/stringopsgo/strops/v2/strops.go:821.28,826.3 2 0
github.com/MikeAustin71/stringopsgo/strops/v2/strops.go:830.36,834.23 2 1
github.com/MikeAustin71/stringopsgo/strops/v2/strops.go:838.3,840.41 2 1
github.com/MikeAustin71/stringopsgo/strops/v2/strops.go:844.3,846.53 2 1
github.com/MikeAustin71/stringopsgo/strops/v2/strops.go:834.23,836.4 1 1
github.com/MikeAustin71/stringopsgo/strops/v2/strops.go:840.41,842.4 1 1
github.com/MikeAustin71/stringopsgo/strops/v2/strops.go:854.32,856.30 1 1
github.com/MikeAustin71/stringopsgo/strops/v2/strops.go:891.3,891.30 1 1
github.com/MikeAustin71/stringopsgo/strops/v2/strops.go:895.3,899.2 3 1
github.com/MikeAustin71/stringopsgo/strops/v2/strops.go:856.30,858.51 1 1
github.com/MikeAustin71/stringopsgo/strops/v2/strops.go:858.51,862.32 2 1
github.com/MikeAustin71/stringopsgo/strops/v2/strops.go:867.5,869.29 2 1
github.com/MikeAustin71/stringopsgo/strops/v2/strops.go:862.32,863.14 1 1
github.com/MikeAustin71/stringopsgo/strops/v2/strops.go:872.9,874.52 1 1
github.com/MikeAustin71/stringopsgo/strops/v2/strops.go:874.52,878.33 2 1
github.com/MikeAustin71/stringopsgo/strops/v2/strops.go:882.5,886.28 3 1
github.com/MikeAustin71/stringopsgo/strops/v2/strops.go:878.33,879.14 1 1
github.com/MikeAustin71/stringopsgo/strops/v2/strops.go:891.30,893.4 1 1
github.com/MikeAustin71/stringopsgo/strops/v2/strops.go:904.30,906.3 1 1
github.com/MikeAustin71/stringopsgo/strops/v2/strops.go:908.77,910.3 1 1
github.com/MikeAustin71/stringopsgo/strops/v2/strops.go:918.36,920.3 1 1
github.com/MikeAustin71/stringopsgo/strops/v2/strops.go:920.8,922.3 1 1
github.com/MikeAustin71/stringopsgo/strops/v2/strops.go:1079.54,1090.23 6 1
github.com/MikeAustin71/stringopsgo/strops/v2/strops.go:1095.2,1095.20 1 1
github.com/MikeAustin71/stringopsgo/strops/v2/strops.go:1101.2,1101.32 1 1
github.com/MikeAustin71/stringopsgo/strops/v2/strops.go:1109.2,1121.31 9 1
github.com/MikeAustin71/stringopsgo/strops/v2/strops.go:1138.2,1138.32 1 1
github.com/MikeAustin71/stringopsgo/strops/v2/strops.go:1155.2,1155.32 1 1
github.com/MikeAustin71/stringopsgo/strops/v2/strops.go:1172.2,1180.45 6 1
github.com/MikeAustin71/stringopsgo/strops/v2/strops.go:1192.2,1192.32 1 1
github.com/MikeAustin71/stringopsgo/strops/v2/strops.go:1199.2,1206.37 3 1
github.com/MikeAustin71/stringopsgo/strops/v2/strops.go:1275.2,1277.37 2 1
github.com/MikeAustin71/stringopsgo/strops/v2/strops.go:1296.2,1298.55 2 1
github.com/MikeAustin71/stringopsgo/strops/v2/strops.go:1349.2,1349.34 1 1
github.com/MikeAustin71/stringopsgo/strops/v2/strops.go:1369.2,1369.21 1 1
github.com/MikeAustin71/stringopsgo/strops/v2/strops.go:1090.23,1093.3 1 1
github.com/MikeAustin71/stringopsgo/strops/v2/strops.go:1095.20,1099.3 1 1
github.com/MikeAustin71/stringopsgo/strops/v2/strops.go:1101.32,1107.3 1 1
github.com/MikeAustin71/stringopsgo/strops/v2/strops.go:1121.31,1124.46 1 1
github.com/MikeAustin71/stringopsgo/strops/v2/strops.go:1135.3,1135.46 1 1
github.com/MikeAustin71/stringopsgo/strops/v2/strops.go:1124.46,1127.32 1 1
github.com/MikeAustin71/stringopsgo/strops/v2/strops.go:1131.4,1131.74 1 1
github.com/MikeAustin71/stringopsgo/strops/v2/strops.go:1127.32,1128.13 1 0
github.com/MikeAustin71/stringopsgo/strops/v2/strops.go:1138.32,1141.47 1 1
github.com/MikeAustin71/stringopsgo/strops/v2/strops.go:1152.3,1152.48 1 1
github.com/MikeAustin71/stringopsgo/strops/v2/strops.go:1141.47,1144.33 1 1
github.com/MikeAustin71/stringopsgo/strops/v2/strops.go:1148.4,1148.77 1 1
github.com/MikeAustin71/stringopsgo/strops/v2/strops.go:1144.33,1145.13 1 0
github.com/MikeAustin71/stringopsgo/strops/v2/strops.go:1155.32,1158.47 1 1
github.com/MikeAustin71/stringopsgo/strops/v2/strops.go:1169.3,1169.48 1 1
github.com/MikeAustin71/stringopsgo/strops/v2/strops.go:1158.47,1161.33 1 1
github.com/MikeAustin71/stringopsgo/strops/v2/strops.go:1165.4,1165.77 1 1
github.com/MikeAustin71/stringopsgo/strops/v2/strops.go:1161.33,1162.13 1 0
github.com/MikeAustin71/stringopsgo/strops/v2/strops.go:1180.45,1184.31 1 1
github.com/MikeAustin71/stringopsgo/strops/v2/strops.go:1184.31,1188.9 2 1
github.com/MikeAustin71/stringopsgo/strops/v2/strops.go:1192.32,1197.3 1 1
github.com/MikeAustin71/stringopsgo/strops/v2/strops.go:1206.37,1208.59 1 1
github.com/MikeAustin71/stringopsgo/strops/v2/strops.go:1208.59,1210.45 1 1
github.com/MikeAustin71/stringopsgo/strops/v2/strops.go:1264.4,1266.39 2 1
github.com/MikeAustin71/stringopsgo/strops/v2/strops.go:1271.4,1271.9 1 1
github.com/MikeAustin71/stringopsgo/strops/v2/strops.go:1210.45,1212.46 1 1
github.com/MikeAustin71/stringopsgo/strops/v2/strops.go:1212.46,1215.34 1 1
github.com/MikeAustin71/stringopsgo/strops/v2/strops.go:1215.34,1233.33 7 1
github.com/MikeAustin71/stringopsgo/strops/v2/strops.go:1239.7,1239.48 1 1
github.com/MikeAustin71/stringopsgo/strops/v2/strops.go:1246.7,1246.12 1 1
github.com/MikeAustin71/stringopsgo/strops/v2/strops.go:1233.33,1235.8 1 1
github.com/MikeAustin71/stringopsgo/strops/v2/strops.go:1239.48,1240.47 1 1
github.com/MikeAustin71/stringopsgo/strops/v2/strops.go:1240.47,1243.9 2 1
github.com/MikeAustin71/stringopsgo/strops/v2/strops.go:1248.12,1259.12 5 1
github.com/MikeAustin71/stringopsgo/strops/v2/strops.go:1266.39,1268.13 2 1
github.com/MikeAustin71/stringopsgo/strops/v2/strops.go:1277.37,1279.57 1 1
github.com/MikeAustin71/stringopsgo/strops/v2/strops.go:1279.57,1282.40 1 1
github.com/MikeAustin71/stringopsgo/strops/v2/strops.go:1282.40,1288.5 3 1
github.com/MikeAustin71/stringopsgo/strops/v2/strops.go:1288.10,1291.5 2 1
github.com/MikeAustin71/stringopsgo/strops/v2/strops.go:1298.55,1300.21 1 1
github.com/MikeAustin71/stringopsgo/strops/v2/strops.go:1328.3,1330.45 2 1
github.com/MikeAustin71/stringopsgo/strops/v2/strops.go:1344.3,1344.8 1 1
github.com/MikeAustin71/stringopsgo/strops/v2/strops.go:1300.21,1302.54 1 1
github.com/MikeAustin71/stringopsgo/strops/v2/strops.go:1308.4,1308.46 1 1
github.com/MikeAustin71/stringopsgo/strops/v2/strops.go:1302.54,1305.13 2 1
github.com/MikeAustin71/stringopsgo/strops/v2/strops.go:1308.46,1310.47 1 1
github.com/MikeAustin71/stringopsgo/strops/v2/strops.go:1310.47,1313.58 1 1
github.com/MikeAustin71/stringopsgo/strops/v2/strops.go:1319.6,1321.23 2 1
github.com/MikeAustin71/stringopsgo/strops/v2/strops.go:1313.58,1316.21 1 1
github.com/MikeAustin71/stringopsgo/strops/v2/strops.go:1330.45,1332.46 1 1
github.com/MikeAustin71/stringopsgo/strops/v2/strops.go:1332.46,1338.22 4 1
github.com/MikeAustin71/stringopsgo/strops/v2/strops.go:1349.34,1352.30 2 1
github.com/MikeAustin71/stringopsgo/strops/v2/strops.go:1358.3,1364.51 5 1
github.com/MikeAustin71/stringopsgo/strops/v2/strops.go:1352.30,1354.4 1 1
github.com/MikeAustin71/stringopsgo/strops/v2/strops.go:1354.9,1356.4 1 1
github.com/MikeAustin71/stringopsgo/strops/v2/strops.go:1364.51,1366.4 1 1
github.com/MikeAustin71/stringopsgo/strops/v2/strops.go:1388.99,1394.23 3 1
github.com/MikeAustin71/stringopsgo/strops/v2/strops.go:1398.2,1398.20 1 1
github.com/MikeAustin71/stringopsgo/strops/v2/strops.go:1403.2,1403.18 1 1
github.com/MikeAustin71/stringopsgo/strops/v2/strops.go:1408.2,1408.30 1 1
github.com/MikeAustin71/stringopsgo/strops/v2/strops.go:1414.2,1414.27 1 1
github.com/MikeAustin71/stringopsgo/strops/v2/strops.go:1419.2,1421.22 2 1
github.com/MikeAustin71/stringopsgo/strops/v2/strops.go:1430.2,1430.16 1 1
github.com/MikeAustin71/stringopsgo/strops/v2/strops.go:1394.23,1396.3 1 0
github.com/MikeAustin71/stringopsgo/strops/v2/strops.go:1398.20,1401.3 1 1
github.com/MikeAustin71/stringopsgo/strops/v2/strops.go:1403.18,1406.3 1 1
github.com/MikeAustin71/stringopsgo/strops/v2/strops.go:1408.30,1412.3 1 1
github.com/MikeAustin71/stringopsgo/strops/v2/strops.go:1414.27,1417.3 1 1
github.com/MikeAustin71/stringopsgo/strops/v2/strops.go:1421.22,1423.28 1 1
github.com/MikeAustin71/stringopsgo/strops/v2/strops.go:1427.3,1427.8 1 1
github.com/MikeAustin71/stringopsgo/strops/v2/strops.go:1423.28,1425.4 1 1
github.com/MikeAustin71/stringopsgo/strops/v2/strops.go:1449.94,1455.23 3 1
github.com/MikeAustin71/stringopsgo/strops/v2/strops.go:1460.2,1460.18 1 1
github.com/MikeAustin71/stringopsgo/strops/v2/strops.go:1465.2,1465.16 1 1
github.com/MikeAustin71/stringopsgo/strops/v2/strops.go:1470.2,1470.28 1 1
github.com/MikeAustin71/stringopsgo/strops/v2/strops.go:1476.2,1476.23 1 1
github.com/MikeAustin71/stringopsgo/strops/v2/strops.go:1481.2,1483.21 2 1
github.com/MikeAustin71/stringopsgo/strops/v2/strops.go:1492.2,1492.16 1 1
github.com/MikeAustin71/stringopsgo/strops/v2/strops.go:1455.23,1458.3 1 1
github.com/MikeAustin71/stringopsgo/strops/v2/strops.go:1460.18,1463.3 1 1
github.com/MikeAustin71/stringopsgo/strops/v2/strops.go:1465.16,1468.3 1 1
github.com/MikeAustin71/stringopsgo/strops/v2/strops.go:1470.28,1474.3 1 1
github.com/MikeAustin71/stringopsgo/strops/v2/strops.go:1476.23,1479.3 1 1
github.com/MikeAustin71/stringopsgo/strops/v2/strops.go:1483.21,1485.31 1 1
github.com/MikeAustin71/stringopsgo/strops/v2/strops.go:1489.3,1489.11 1 1
github.com/MikeAustin71/stringopsgo/strops/v2/strops.go:1485.31,1487.4 1 1
github.com/MikeAustin71/stringopsgo/strops/v2/strops.go:1509.87,1515.23 3 1
github.com/MikeAustin71/stringopsgo/strops/v2/strops.go:1520.2,1520.18 1 1
github.com/MikeAustin71/stringopsgo/strops/v2/strops.go:1525.2,1525.16 1 1
github.com/MikeAustin71/stringopsgo/strops/v2/strops.go:1530.2,1530.28 1 1
github.com/MikeAustin71/stringopsgo/strops/v2/strops.go:1536.2,1536.23 1 1
github.com/MikeAustin71/stringopsgo/strops/v2/strops.go:1541.2,1541.25 1 1
github.com/MikeAustin71/stringopsgo/strops/v2/strops.go:1550.2,1550.16 1 1
github.com/MikeAustin71/stringopsgo/strops/v2/strops.go:1515.23,1518.3 1 1
github.com/MikeAustin71/stringopsgo/strops/v2/strops.go:1520.18,1523.3 1 1
github.com/MikeAustin71/stringopsgo/strops/v2/strops.go:1525.16,1528.3 1 1
github.com/MikeAustin71/stringopsgo/strops/v2/strops.go:1530.28,1534.3 1 1
github.com/MikeAustin71/stringopsgo/strops/v2/strops.go:1536.23,1539.3 1 1
github.com/MikeAustin71/stringopsgo/strops/v2/strops.go:1541.25,1543.31 1 1
github.com/MikeAustin71/stringopsgo/strops/v2/strops.go:1547.3,1547.11 1 1
github.com/MikeAustin71/stringopsgo/strops/v2/strops.go:1543.31,1545.4 1 1
github.com/MikeAustin71/stringopsgo/strops/v2/strops.go:1645.13,1655.23 7 1
github.com/MikeAustin71/stringopsgo/strops/v2/strops.go:1665.2,1665.20 1 1
github.com/MikeAustin71/stringopsgo/strops/v2/strops.go:1677.2,1677.18 1 1
github.com/MikeAustin71/stringopsgo/strops/v2/strops.go:1688.2,1688.30 1 1
github.com/MikeAustin71/stringopsgo/strops/v2/strops.go:1703.2,1703.27 1 1
github.com/MikeAustin71/stringopsgo/strops/v2/strops.go:1715.2,1725.28 7 1
github.com/MikeAustin71/stringopsgo/strops/v2/strops.go:1747.2,1747.24 1 1
github.com/MikeAustin71/stringopsgo/strops/v2/strops.go:1774.2,1774.17 1 1
github.com/MikeAustin71/stringopsgo/strops/v2/strops.go:1786.2,1786.18 1 1
github.com/MikeAustin71/stringopsgo/strops/v2/strops.go:1798.2,1804.6 2 1
github.com/MikeAustin71/stringopsgo/strops/v2/strops.go:1655.23,1663.3 2 1
github.com/MikeAustin71/stringopsgo/strops/v2/strops.go:1665.20,1675.3 2 1
github.com/MikeAustin71/stringopsgo/strops/v2/strops.go:1677.18,1686.3 2 1
github.com/MikeAustin71/stringopsgo/strops/v2/strops.go:1688.30,1701.3 2 1
github.com/MikeAustin71/stringopsgo/strops/v2/strops.go:1703.27,1713.3 2 1
github.com/MikeAustin71/stringopsgo/strops/v2/strops.go:1725.28,1730.35 3 0
github.com/MikeAustin71/stringopsgo/strops/v2/strops.go:1738.3,1744.7 2 0
github.com/MikeAustin71/stringopsgo/strops/v2/strops.go:1730.35,1733.4 2 0
github.com/MikeAustin71/stringopsgo/strops/v2/strops.go:1733.9,1736.4 2 0
github.com/MikeAustin71/stringopsgo/strops/v2/strops.go:1747.24,1749.28 1 1
github.com/MikeAustin71/stringopsgo/strops/v2/strops.go:1755.3,1756.26 1 1
github.com/MikeAustin71/stringopsgo/strops/v2/strops.go:1764.3,1765.26 1 1
github.com/MikeAustin71/stringopsgo/strops/v2/strops.go:1771.3,1771.8 1 1
github.com/MikeAustin71/stringopsgo/strops/v2/strops.go:1749.28,1751.4 1 1
github.com/MikeAustin71/stringopsgo/strops/v2/strops.go:1751.9,1753.4 1 1
github.com/MikeAustin71/stringopsgo/strops/v2/strops.go:1756.26,1761.12 4 1
github.com/MikeAustin71/stringopsgo/strops/v2/strops.go:1765.26,1768.9 2 1
github.com/MikeAustin71/stringopsgo/strops/v2/strops.go:1774.17,1784.3 5 1
github.com/MikeAustin71/stringopsgo/strops/v2/strops.go:1786.18,1796.3 5 1
github.com/MikeAustin71/stringopsgo/strops/v2/strops.go:1818.73,1824.2 2 1
github.com/MikeAustin71/stringopsgo/strops/v2/strops.go:1828.43,1835.2 5 1
github.com/MikeAustin71/stringopsgo/strops/v2/strops.go:1838.48,1840.2 1 0
github.com/MikeAustin71/stringopsgo/strops/v2/strops.go:1844.44,1854.2 7 1
github.com/MikeAustin71/stringopsgo/strops/v2/strops.go:1888.82,1896.25 4 1
github.com/MikeAustin71/stringopsgo/strops/v2/strops.go:1901.2,1903.24 2 1
github.com/MikeAustin71/stringopsgo/strops/v2/strops.go:1908.2,1908.38 1 1
github.com/MikeAustin71/stringopsgo/strops/v2/strops.go:1919.2,1919.20 1 1
github.com/MikeAustin71/stringopsgo/strops/v2/strops.go:1896.25,1899.3 1 1
github.com/MikeAustin71/stringopsgo/strops/v2/strops.go:1903.24,1906.3 1 1
github.com/MikeAustin71/stringopsgo/strops/v2/strops.go:1908.38,1910.38 1 1
github.com/MikeAustin71/stringopsgo/strops/v2/strops.go:1910.38,1911.39 1 1
github.com/MikeAustin71/stringopsgo/strops/v2/strops.go:1911.39,1913.10 2 1
github.com/MikeAustin71/stringopsgo/strops/v2/strops.go:1954.89,1962.25 4 1
github.com/MikeAustin71/stringopsgo/strops/v2/strops.go:1967.2,1969.24 2 1
github.com/MikeAustin71/stringopsgo/strops/v2/strops.go:1974.2,1974.38 1 1
github.com/MikeAustin71/stringopsgo/strops/v2/strops.go:1985.2,1985.20 1 1
github.com/MikeAustin71/stringopsgo/strops/v2/strops.go:1962.25,1965.3 1 1
github.com/MikeAustin71/stringopsgo/strops/v2/strops.go:1969.24,1972.3 1 1
github.com/MikeAustin71/stringopsgo/strops/v2/strops.go:1974.38,1976.38 1 1
github.com/MikeAustin71/stringopsgo/strops/v2/strops.go:1976.38,1977.39 1 1
github.com/MikeAustin71/stringopsgo/strops/v2/strops.go:1977.39,1979.10 2 1
github.com/MikeAustin71/stringopsgo/strops/v2/strops.go:2018.88,2022.25 2 1
github.com/MikeAustin71/stringopsgo/strops/v2/strops.go:2027.2,2027.26 1 1
github.com/MikeAustin71/stringopsgo/strops/v2/strops.go:2032.2,2034.16 2 1
github.com/MikeAustin71/stringopsgo/strops/v2/strops.go:2041.2,2041.32 1 1
github.com/MikeAustin71/stringopsgo/strops/v2/strops.go:2022.25,2025.3 1 1
github.com/MikeAustin71/stringopsgo/strops/v2/strops.go:2027.26,2030.3 1 1
github.com/MikeAustin71/stringopsgo/strops/v2/strops.go:2034.16,2039.3 1 0
github.com/MikeAustin71/stringopsgo/strops/v2/strops.go:2048.63,2052.33 2 1
github.com/MikeAustin71/stringopsgo/strops/v2/strops.go:2058.2,2058.13 1 1
github.com/MikeAustin71/stringopsgo/strops/v2/strops.go:2052.33,2053.26 1 1
github.com/MikeAustin71/stringopsgo/strops/v2/strops.go:2053.26,2055.4 1 1
github.com/MikeAustin71/stringopsgo/strops/v2/strops.go:2063.60,2065.19 1 1
github.com/MikeAustin71/stringopsgo/strops/v2/strops.go:2069.2,2071.36 2 1
github.com/MikeAustin71/stringopsgo/strops/v2/strops.go:2094.2,2094.24 1 1
github.com/MikeAustin71/stringopsgo/strops/v2/strops.go:2065.19,2067.3 1 1
github.com/MikeAustin71/stringopsgo/strops/v2/strops.go:2071.36,2073.24 1 1
github.com/MikeAustin71/stringopsgo/strops/v2/strops.go:2077.3,2079.22 1 1
github.com/MikeAustin71/stringopsgo/strops/v2/strops.go:2073.24,2074.12 1 1
github.com/MikeAustin71/stringopsgo/strops/v2/strops.go:2079.22,2083.9 2 1
github.com/MikeAustin71/stringopsgo/strops/v2/strops.go:2085.9,2087.22 1 1
github.com/MikeAustin71/stringopsgo/strops/v2/strops.go:2087.22,2089.9 1 1
github.com/MikeAustin71/stringopsgo/strops/v2/strops.go:2100.84,2104.16 2 1
github.com/MikeAustin71/stringopsgo/strops/v2/strops.go:2110.2,2110.19 1 1
github.com/MikeAustin71/stringopsgo/strops/v2/strops.go:2116.2,2119.30 3 1
github.com/MikeAustin71/stringopsgo/strops/v2/strops.go:2131.2,2131.24 1 1
github.com/MikeAustin71/stringopsgo/strops/v2/strops.go:2104.16,2108.3 1 0
github.com/MikeAustin71/stringopsgo/strops/v2/strops.go:2110.19,2114.3 1 0
github.com/MikeAustin71/stringopsgo/strops/v2/strops.go:2119.30,2123.17 2 1
github.com/MikeAustin71/stringopsgo/strops/v2/strops.go:2123.17,2128.4 1 0
github.com/MikeAustin71/stringopsgo/strops/v2/strops.go:2137.37,2142.2 2 1
github.com/MikeAustin71/stringopsgo/strops/v2/strops.go:2154.55,2163.12 5 1
github.com/MikeAustin71/stringopsgo/strops/v2/strops.go:2170.2,2179.24 5 1
github.com/MikeAustin71/stringopsgo/strops/v2/strops.go:2186.2,2192.38 4 1
github.com/MikeAustin71/stringopsgo/strops/v2/strops.go:2200.2,2202.55 2 1
github.com/MikeAustin71/stringopsgo/strops/v2/strops.go:2207.2,2211.26 3 1
github.com/MikeAustin71/stringopsgo/strops/v2/strops.go:2217.2,2219.15 2 1
github.com/MikeAustin71/stringopsgo/strops/v2/strops.go:2163.12,2168.3 4 1
github.com/MikeAustin71/stringopsgo/strops/v2/strops.go:2179.24,2184.3 4 0
github.com/MikeAustin71/stringopsgo/strops/v2/strops.go:2192.38,2195.3 2 1
github.com/MikeAustin71/stringopsgo/strops/v2/strops.go:2195.8,2198.3 2 1
github.com/MikeAustin71/stringopsgo/strops/v2/strops.go:2202.55,2205.3 2 1
github.com/MikeAustin71/stringopsgo/strops/v2/strops.go:2211.26,2213.3 1 1
github.com/MikeAustin71/stringopsgo/strops/v2/strops.go:2213.8,2215.3 1 1
github.com/MikeAustin71/stringopsgo/strops/v2/strops.go:2256.56,2263.15 4 1
github.com/MikeAustin71/stringopsgo/strops/v2/strops.go:2267.2,2267.38 1 1
github.com/MikeAustin71/stringopsgo/strops/v2/strops.go:2271.2,2275.35 3 1
github.com/MikeAustin71/stringopsgo/strops/v2/strops.go:2313.2,2315.35 2 1
github.com/MikeAustin71/stringopsgo/strops/v2/strops.go:2263.15,2265.3 1 1
github.com/MikeAustin71/stringopsgo/strops/v2/strops.go:2267.38,2269.3 1 1
github.com/MikeAustin71/stringopsgo/strops/v2/strops.go:2275.35,2279.21 1 1
github.com/MikeAustin71/stringopsgo/strops/v2/strops.go:2310.3,2310.44 1 1
github.com/MikeAustin71/stringopsgo/strops/v2/strops.go:2279.21,2281.18 1 1
github.com/MikeAustin71/stringopsgo/strops/v2/strops.go:2307.4,2307.9 1 1
github.com/MikeAustin71/stringopsgo/strops/v2/strops.go:2281.18,2285.34 2 1
github.com/MikeAustin71/stringopsgo/strops/v2/strops.go:2295.5,2295.18 1 1
github.com/MikeAustin71/stringopsgo/strops/v2/strops.go:2301.5,2301.10 1 1
github.com/MikeAustin71/stringopsgo/strops/v2/strops.go:2285.34,2288.24 1 1
github.com/MikeAustin71/stringopsgo/strops/v2/strops.go:2288.24,2289.15 1 1
github.com/MikeAustin71/stringopsgo/strops/v2/strops.go:2290.12,2291.12 1 1
github.com/MikeAustin71/stringopsgo/strops/v2/strops.go:2295.18,2297.6 1 1
github.com/MikeAustin71/stringopsgo/strops/v2/strops.go:2297.11,2299.6 1 1
github.com/MikeAustin71/stringopsgo/strops/v2/strops.go:2303.10,2305.5 1 1
github.com/MikeAustin71/stringopsgo/strops/v2/strops.go:2350.96,2358.20 4 1
github.com/MikeAustin71/stringopsgo/strops/v2/strops.go:2363.2,2365.25 2 1
github.com/MikeAustin71/stringopsgo/strops/v2/strops.go:2370.2,2370.38 1 1
github.com/MikeAustin71/stringopsgo/strops/v2/strops.go:2381.2,2381.33 1 1
github.com/MikeAustin71/stringopsgo/strops/v2/strops.go:2404.2,2404.20 1 1
github.com/MikeAustin71/stringopsgo/strops/v2/strops.go:2358.20,2361.3 1 1
github.com/MikeAustin71/stringopsgo/strops/v2/strops.go:2365.25,2368.3 1 1
github.com/MikeAustin71/stringopsgo/strops/v2/strops.go:2370.38,2372.35 1 1
github.com/MikeAustin71/stringopsgo/strops/v2/strops.go:2372.35,2377.4 1 1
github.com/MikeAustin71/stringopsgo/strops/v2/strops.go:2381.33,2385.39 2 1
github.com/MikeAustin71/stringopsgo/strops/v2/strops.go:2398.3,2398.24 1 1
github.com/MikeAustin71/stringopsgo/strops/v2/strops.go:2385.39,2387.48 1 1
github.com/MikeAustin71/stringopsgo/strops/v2/strops.go:2387.48,2389.36 1 1
github.com/MikeAustin71/stringopsgo/strops/v2/strops.go:2393.5,2394.10 2 1
github.com/MikeAustin71/stringopsgo/strops/v2/strops.go:2389.36,2391.6 1 1
github.com/MikeAustin71/stringopsgo/strops/v2/strops.go:2398.24,2400.4 1 1
github.com/MikeAustin71/stringopsgo/strops/v2/strops.go:2415.99,2419.21 2 1
github.com/MikeAustin71/stringopsgo/strops/v2/strops.go:2424.2,2424.28 1 1
github.com/MikeAustin71/stringopsgo/strops/v2/strops.go:2430.2,2432.39 2 1
github.com/MikeAustin71/stringopsgo/strops/v2/strops.go:2445.2,2445.23 1 1
github.com/MikeAustin71/stringopsgo/strops/v2/strops.go:2419.21,2422.3 1 0
github.com/MikeAustin71/stringopsgo/strops/v2/strops.go:2424.28,2428.3 1 0
github.com/MikeAustin71/stringopsgo/strops/v2/strops.go:2432.39,2434.20 1 1
github.com/MikeAustin71/stringopsgo/strops/v2/strops.go:2441.3,2441.91 1 1
github.com/MikeAustin71/stringopsgo/strops/v2/strops.go:2434.20,2439.4 1 0
github.com/MikeAustin71/stringopsgo/strops/v2/strops.go:2452.81,2455.2 1 1
github.com/MikeAustin71/stringopsgo/strops/v2/strops.go:2488.96,2496.20 4 1
github.com/MikeAustin71/stringopsgo/strops/v2/strops.go:2501.2,2503.25 2 1
github.com/MikeAustin71/stringopsgo/strops/v2/strops.go:2508.2,2508.38 1 1
github.com/MikeAustin71/stringopsgo/strops/v2/strops.go:2519.2,2519.33 1 1
github.com/MikeAustin71/stringopsgo/strops/v2/strops.go:2542.2,2542.20 1 1
github.com/MikeAustin71/stringopsgo/strops/v2/strops.go:2496.20,2499.3 1 1
github.com/MikeAustin71/stringopsgo/strops/v2/strops.go:2503.25,2506.3 1 1
github.com/MikeAustin71/stringopsgo/strops/v2/strops.go:2508.38,2510.35 1 1
github.com/MikeAustin71/stringopsgo/strops/v2/strops.go:2510.35,2515.4 1 1
github.com/MikeAustin71/stringopsgo/strops/v2/strops.go:2519.33,2523.39 2 1
github.com/MikeAustin71/stringopsgo/strops/v2/strops.go:2536.3,2536.24 1 1
github.com/MikeAustin71/stringopsgo/strops/v2/strops.go:2523.39,2525.48 1 1
github.com/MikeAustin71/stringopsgo/strops/v2/strops.go:2525.48,2527.36 1 1
github.com/MikeAustin71/stringopsgo/strops/v2/strops.go:2531.5,2532.10 2 1
github.com/MikeAustin71/stringopsgo/strops/v2/strops.go:2527.36,2529.6 1 1
github.com/MikeAustin71/stringopsgo/strops/v2/strops.go:2536.24,2538.4 1 1
github.com/MikeAustin71/stringopsgo/strops/v2/strops.go:2578.45,2582.25 2 1
github.com/MikeAustin71/stringopsgo/strops/v2/strops.go:2587.2,2587.32 1 1
github.com/MikeAustin71/stringopsgo/strops/v2/strops.go:2592.2,2594.16 2 1
github.com/MikeAustin71/stringopsgo/strops/v2/strops.go:2600.2,2600.31 1 1
github.com/MikeAustin71/stringopsgo/strops/v2/strops.go:2582.25,2585.3 1 1
github.com/MikeAustin71/stringopsgo/strops/v2/strops.go:2587.32,2590.3 1 1
github.com/MikeAustin71/stringopsgo/strops/v2/strops.go:2594.16,2598.3 1 1
github.com/MikeAustin71/stringopsgo/strops/v2/strops.go:2607.47,2613.2 5 1
github.com/MikeAustin71/stringopsgo/strops/v2/strops.go:2621.89,2625.43 2 1
github.com/MikeAustin71/stringopsgo/strops/v2/strops.go:2631.2,2633.16 2 1
github.com/MikeAustin71/stringopsgo/strops/v2/strops.go:2640.2,2640.31 1 1
github.com/MikeAustin71/stringopsgo/strops/v2/strops.go:2625.43,2629.3 1 0
github.com/MikeAustin71/stringopsgo/strops/v2/strops.go:2633.16,2638.3 1 0
github.com/MikeAustin71/stringopsgo/strops/v2/strops.go:2649.85,2653.43 2 1
github.com/MikeAustin71/stringopsgo/strops/v2/strops.go:2659.2,2661.21 2 1
github.com/MikeAustin71/stringopsgo/strops/v2/strops.go:2668.2,2668.22 1 1
github.com/MikeAustin71/stringopsgo/strops/v2/strops.go:2672.2,2680.21 5 1
github.com/MikeAustin71/stringopsgo/strops/v2/strops.go:2684.2,2684.52 1 1
github.com/MikeAustin71/stringopsgo/strops/v2/strops.go:2653.43,2657.3 1 0
github.com/MikeAustin71/stringopsgo/strops/v2/strops.go:2661.21,2666.3 1 0
github.com/MikeAustin71/stringopsgo/strops/v2/strops.go:2668.22,2670.3 1 0
github.com/MikeAustin71/stringopsgo/strops/v2/strops.go:2680.21,2682.3 1 1
github.com/MikeAustin71/stringopsgo/strops/v2/strops.go:2690.56,2692.2 1 1
github.com/MikeAustin71/stringopsgo/strops/v2/strops.go:2697.56,2699.2 1 1
github.com/MikeAustin71/stringopsgo/strops/v2/strops.go:2710.51,2715.17 3 1
github.com/MikeAustin71/stringopsgo/strops/v2/strops.go:2719.2,2721.22 2 1
github.com/MikeAustin71/stringopsgo/strops/v2/strops.go:2725.2,2730.6 4 1
github.com/MikeAustin71/stringopsgo/strops/v2/strops.go:2773.2,2773.25 1 1
github.com/MikeAustin71/stringopsgo/strops/v2/strops.go:2715.17,2717.3 1 1
github.com/MikeAustin71/stringopsgo/strops/v2/strops.go:2721.22,2723.3 1 1
github.com/MikeAustin71/stringopsgo/strops/v2/strops.go:2730.6,2734.36 2 1
github.com/MikeAustin71/stringopsgo/strops/v2/strops.go:2766.3,2766.51 1 1
github.com/MikeAustin71/stringopsgo/strops/v2/strops.go:2734.36,2736.8 1 1
github.com/MikeAustin71/stringopsgo/strops/v2/strops.go:2759.4,2761.19 2 1
github.com/MikeAustin71/stringopsgo/strops/v2/strops.go:2736.8,2740.25 2 1
github.com/MikeAustin71/stringopsgo/strops/v2/strops.go:2744.5,2748.34 4 1
github.com/MikeAustin71/stringopsgo/strops/v2/strops.go:2756.5,2756.32 1 1
github.com/MikeAustin71/stringopsgo/strops/v2/strops.go:2740.25,2741.11 1 1
github.com/MikeAustin71/stringopsgo/strops/v2/strops.go:2748.34,2751.6 1 0
github.com/MikeAustin71/stringopsgo/strops/v2/strops.go:2751.11,2754.6 1 1
github.com/MikeAustin71/stringopsgo/strops/v2/strops.go:2761.19,2762.14 1 0
github.com/MikeAustin71/stringopsgo/strops/v2/strops.go:2766.51,2767.13 1 1
github.com/MikeAustin71/stringopsgo/strops/v2/strops.go:2785.51,2792.22 4 1
github.com/MikeAustin71/stringopsgo/strops/v2/strops.go:2796.2,2796.17 1 1
github.com/MikeAustin71/stringopsgo/strops/v2/strops.go:2800.2,2805.6 4 1
github.com/MikeAustin71/stringopsgo/strops/v2/strops.go:2836.2,2836.25 1 1
github.com/MikeAustin71/stringopsgo/strops/v2/strops.go:2792.22,2794.3 1 1
github.com/MikeAustin71/stringopsgo/strops/v2/strops.go:2796.17,2798.3 1 1
github.com/MikeAustin71/stringopsgo/strops/v2/strops.go:2805.6,2809.36 2 1
github.com/MikeAustin71/stringopsgo/strops/v2/strops.go:2829.3,2829.51 1 1
github.com/MikeAustin71/stringopsgo/strops/v2/strops.go:2809.36,2811.8 1 1
github.com/MikeAustin71/stringopsgo/strops/v2/strops.go:2822.4,2824.19 2 1
github.com/MikeAustin71/stringopsgo/strops/v2/strops.go:2811.8,2813.50 1 1
github.com/MikeAustin71/stringopsgo/strops/v2/strops.go:2817.5,2819.32 2 1
github.com/MikeAustin71/stringopsgo/strops/v2/strops.go:2813.50,2814.11 1 1
github.com/MikeAustin71/stringopsgo/strops/v2/strops.go:2824.19,2825.14 1 0
github.com/MikeAustin71/stringopsgo/strops/v2/strops.go:2829.51,2830.13 1 1
github.com/MikeAustin71/stringopsgo/strops/v2/strops.go:2850.51,2857.22 4 1
github.com/MikeAustin71/stringopsgo/strops/v2/strops.go:2861.2,2861.17 1 1
github.com/MikeAustin71/stringopsgo/strops/v2/strops.go:2865.2,2868.6 3 1
github.com/MikeAustin71/stringopsgo/strops/v2/strops.go:2907.2,2907.25 1 1
github.com/MikeAustin71/stringopsgo/strops/v2/strops.go:2857.22,2859.3 1 1
github.com/MikeAustin71/stringopsgo/strops/v2/strops.go:2861.17,2863.3 1 1
github.com/MikeAustin71/stringopsgo/strops/v2/strops.go:2868.6,2872.36 2 1
github.com/MikeAustin71/stringopsgo/strops/v2/strops.go:2893.3,2895.18 2 1
github.com/MikeAustin71/stringopsgo/strops/v2/strops.go:2899.3,2899.51 1 1
github.com/MikeAustin71/stringopsgo/strops/v2/strops.go:2872.36,2874.8 1 1
github.com/MikeAustin71/stringopsgo/strops/v2/strops.go:2888.4,2888.26 1 1
github.com/MikeAustin71/stringopsgo/strops/v2/strops.go:2874.8,2876.50 1 1
github.com/MikeAustin71/stringopsgo/strops/v2/strops.go:2880.5,2884.32 3 1
github.com/MikeAustin71/stringopsgo/strops/v2/strops.go:2876.50,2877.11 1 1
github.com/MikeAustin71/stringopsgo/strops/v2/strops.go:2888.26,2889.14 1 0
github.com/MikeAustin71/stringopsgo/strops/v2/strops.go:2895.18,2896.13 1 0
github.com/MikeAustin71/stringopsgo/strops/v2/strops.go:2899.51,2900.13 1 1
github.com/MikeAustin71/stringopsgo/strops/v2/strops.go:2924.86,2928.44 2 1
github.com/MikeAustin71/stringopsgo/strops/v2/strops.go:2934.2,2936.24 2 1
github.com/MikeAustin71/stringopsgo/strops/v2/strops.go:2940.2,2940.23 1 1
github.com/MikeAustin71/stringopsgo/strops/v2/strops.go:2947.2,2951.40 3 1
github.com/MikeAustin71/stringopsgo/strops/v2/strops.go:2928.44,2932.3 1 0
github.com/MikeAustin71/stringopsgo/strops/v2/strops.go:2936.24,2938.3 1 0
github.com/MikeAustin71/stringopsgo/strops/v2/strops.go:2940.23,2945.3 1 0
github.com/MikeAustin71/stringopsgo/strops/v2/strops.go:2966.89,2970.43 2 1
github.com/MikeAustin71/stringopsgo/strops/v2/strops.go:2976.2,2978.21 2 1
github.com/MikeAustin71/stringopsgo/strops/v2/strops.go:2985.2,2985.22 1 1
github.com/MikeAustin71/stringopsgo/strops/v2/strops.go:2989.2,2991.41 2 1
github.com/MikeAustin71/stringopsgo/strops/v2/strops.go:2970.43,2974.3 1 0
github.com/MikeAustin71/stringopsgo/strops/v2/strops.go:2978.21,2983.3 1 0
github.com/MikeAustin71/stringopsgo/strops/v2/strops.go:2985.22,2987.3 1 0
github.com/MikeAustin71/stringopsgo/strops/v2/strops.go:3004.87,3008.44 2 1
github.com/MikeAustin71/stringopsgo/strops/v2/strops.go:3014.2,3016.24 2 1
github.com/MikeAustin71/stringopsgo/strops/v2/strops.go:3020.2,3020.23 1 1
github.com/MikeAustin71/stringopsgo/strops/v2/strops.go:3029.2,3033.39 3 1
github.com/MikeAustin71/stringopsgo/strops/v2/strops.go:3008.44,3012.3 1 0
github.com/MikeAustin71/stringopsgo/strops/v2/strops.go:3016.24,3018.3 1 0
github.com/MikeAustin71/stringopsgo/strops/v2/strops.go:3020.23,3026.3 1 0
github.com/MikeAustin71/stringopsgo/strops/v2/strops.go:3039.91,3041.21 1 1
github.com/MikeAustin71/stringopsgo/strops/v2/strops.go:3045.2,3049.29 3 1
github.com/MikeAustin71/stringopsgo/strops/v2/strops.go:3055.2,3055.26 1 1
github.com/MikeAustin71/stringopsgo/strops/v2/strops.go:3041.21,3043.3 1 0
github.com/MikeAustin71/stringopsgo/strops/v2/strops.go:3049.29,3050.25 1 1
github.com/MikeAustin71/stringopsgo/strops/v2/strops.go:3050.25,3052.4 1 1
github.com/MikeAustin71/stringopsgo/strops/v2/strops.go:3072.42,3079.21 4 1
github.com/MikeAustin71/stringopsgo/strops/v2/strops.go:3084.2,3084.19 1 1
github.com/MikeAustin71/stringopsgo/strops/v2/strops.go:3089.2,3096.37 7 1
github.com/MikeAustin71/stringopsgo/strops/v2/strops.go:3115.2,3115.25 1 1
github.com/MikeAustin71/stringopsgo/strops/v2/strops.go:3119.2,3119.32 1 1
github.com/MikeAustin71/stringopsgo/strops/v2/strops.go:3123.2,3126.18 3 1
github.com/MikeAustin71/stringopsgo/strops/v2/strops.go:3079.21,3082.3 2 0
github.com/MikeAustin71/stringopsgo/strops/v2/strops.go:3084.19,3087.3 2 0
github.com/MikeAustin71/stringopsgo/strops/v2/strops.go:3096.37,3098.45 1 1
github.com/MikeAustin71/stringopsgo/strops/v2/strops.go:3102.3,3102.60 1 1
github.com/MikeAustin71/stringopsgo/strops/v2/strops.go:3106.3,3106.36 1 1
github.com/MikeAustin71/stringopsgo/strops/v2/strops.go:3110.3,3112.8 3 1
github.com/MikeAustin71/stringopsgo/strops/v2/strops.go:3098.45,3099.12 1 1
github.com/MikeAustin71/stringopsgo/strops/v2/strops.go:3102.60,3103.12 1 1
github.com/MikeAustin71/stringopsgo/strops/v2/strops.go:3106.36,3107.12 1 1
github.com/MikeAustin71/stringopsgo/strops/v2/strops.go:3115.25,3117.3 1 1
github.com/MikeAustin71/stringopsgo/strops/v2/strops.go:3119.32,3121.3 1 0
github.com/MikeAustin71/stringopsgo/strops/v2/strops.go:3135.42,3143.23 5 1
github.com/MikeAustin71/stringopsgo/strops/v2/strops.go:3148.2,3148.19 1 1
github.com/MikeAustin71/stringopsgo/strops/v2/strops.go:3153.2,3156.21 3 1
github.com/MikeAustin71/stringopsgo/strops/v2/strops.go:3170.2,3170.30 1 1
github.com/MikeAustin71/stringopsgo/strops/v2/strops.go:3177.2,3180.21 3 1
github.com/MikeAustin71/stringopsgo/strops/v2/strops.go:3189.2,3189.17 1 1
github.com/MikeAustin71/stringopsgo/strops/v2/strops.go:3194.2,3197.18 3 1
github.com/MikeAustin71/stringopsgo/strops/v2/strops.go:3143.23,3146.3 2 1
github.com/MikeAustin71/stringopsgo/strops/v2/strops.go:3148.19,3151.3 2 1
github.com/MikeAustin71/stringopsgo/strops/v2/strops.go:3156.21,3158.44 1 1
github.com/MikeAustin71/stringopsgo/strops/v2/strops.go:3164.3,3164.31 1 1
github.com/MikeAustin71/stringopsgo/strops/v2/strops.go:3158.44,3160.4 1 1
github.com/MikeAustin71/stringopsgo/strops/v2/strops.go:3160.9,3162.4 1 1
github.com/MikeAustin71/stringopsgo/strops/v2/strops.go:3164.31,3167.4 2 1
github.com/MikeAustin71/stringopsgo/strops/v2/strops.go:3170.30,3175.3 2 0
github.com/MikeAustin71/stringopsgo/strops/v2/strops.go:3180.21,3182.43 1 1
github.com/MikeAustin71/stringopsgo/strops/v2/strops.go:3182.43,3184.4 1 1
github.com/MikeAustin71/stringopsgo/strops/v2/strops.go:3184.9,3186.4 1 1
github.com/MikeAustin71/stringopsgo/strops/v2/strops.go:3189.17,3192.3 2 0
github.com/MikeAustin71/stringopsgo/strops/v2/strops.go:3203.60,3205.19 1 1
github.com/MikeAustin71/stringopsgo/strops/v2/strops.go:3209.2,3211.37 2 1
github.com/MikeAustin71/stringopsgo/strops/v2/strops.go:3231.2,3231.25 1 1
github.com/MikeAustin71/stringopsgo/strops/v2/strops.go:3205.19,3207.3 1 1
github.com/MikeAustin71/stringopsgo/strops/v2/strops.go:3211.37,3214.25 1 1
github.com/MikeAustin71/stringopsgo/strops/v2/strops.go:3220.3,3220.47 1 1
github.com/MikeAustin71/stringopsgo/strops/v2/strops.go:3214.25,3215.12 1 1
github.com/MikeAustin71/stringopsgo/strops/v2/strops.go:3220.47,3223.9 2 1
github.com/MikeAustin71/stringopsgo/strops/v2/strops.go:3225.9,3225.54 1 1
github.com/MikeAustin71/stringopsgo/strops/v2/strops.go:3225.54,3226.9 1 1
github.com/MikeAustin71/stringopsgo/strops/v2/strops.go:3245.56,3253.31 5 1
github.com/MikeAustin71/stringopsgo/strops/v2/strops.go:3257.2,3259.12 2 1
github.com/MikeAustin71/stringopsgo/strops/v2/strops.go:3270.2,3278.25 6 1
github.com/MikeAustin71/stringopsgo/strops/v2/strops.go:3289.2,3295.17 4 1
github.com/MikeAustin71/stringopsgo/strops/v2/strops.go:3301.2,3303.15 2 1
github.com/MikeAustin71/stringopsgo/strops/v2/strops.go:3253.31,3255.3 1 1
github.com/MikeAustin71/stringopsgo/strops/v2/strops.go:3259.12,3268.3 4 1
github.com/MikeAustin71/stringopsgo/strops/v2/strops.go:3278.25,3280.16 1 1
github.com/MikeAustin71/stringopsgo/strops/v2/strops.go:3285.3,3286.8 2 1
github.com/MikeAustin71/stringopsgo/strops/v2/strops.go:3280.16,3282.9 2 1
github.com/MikeAustin71/stringopsgo/strops/v2/strops.go:3295.17,3297.3 1 1
github.com/MikeAustin71/stringopsgo/strops/v2/strops.go:3297.8,3299.3 1 1
github.com/MikeAustin71/stringopsgo/strops/v2/stropsenum.go:70.97,72.2 1 1
github.com/MikeAustin71/stringopsgo/strops/v2/stropsenum.go:76.100,78.2 1 1
github.com/MikeAustin71/stringopsgo/strops/v2/stropsenum.go:82.97,84.2 1 1
github.com/MikeAustin71/stringopsgo/strops/v2/stropsenum.go:89.99,91.2 1 1
github.com/MikeAustin71/stringopsgo/strops/v2/stropsenum.go:96.101,98.2 1 1
github.com/MikeAustin71/stringopsgo/strops/v2/stropsenum.go:160.62,166.42 3 1
github.com/MikeAustin71/stringopsgo/strops/v2/stropsenum.go:171.2,171.21 1 1
github.com/MikeAustin71/stringopsgo/strops/v2/stropsenum.go:178.2,182.19 3 1
github.com/MikeAustin71/stringopsgo/strops/v2/stropsenum.go:204.2,204.25 1 1
github.com/MikeAustin71/stringopsgo/strops/v2/stropsenum.go:166.42,169.3 2 1
github.com/MikeAustin71/stringopsgo/strops/v2/stropsenum.go:171.21,176.3 1 1
github.com/MikeAustin71/stringopsgo/strops/v2/stropsenum.go:182.19,186.10 2 1
github.com/MikeAustin71/stringopsgo/strops/v2/stropsenum.go:186.10,189.4 1 1
github.com/MikeAustin71/stringopsgo/strops/v2/stropsenum.go:191.8,197.10 3 1
github.com/MikeAustin71/stringopsgo/strops/v2/stropsenum.go:197.10,200.4 1 1
github.com/MikeAustin71/stringopsgo/strops/v2/stropsenum.go:216.78,220.9 2 1
github.com/MikeAustin71/stringopsgo/strops/v2/stropsenum.go:227.2,227.12 1 1
github.com/MikeAustin71/stringopsgo/strops/v2/stropsenum.go:220.9,225.3 2 1
github.com/MikeAustin71/stringopsgo/strops/v2/stropsenum.go:252.72,256.9 2 1
github.com/MikeAustin71/stringopsgo/strops/v2/stropsenum.go:260.2,260.14 1 1
github.com/MikeAustin71/stringopsgo/strops/v2/stropsenum.go:256.9,258.3 1 1
github.com/MikeAustin71/stringopsgo/strops/v2/stropsenum.go:266.68,269.2 1 1
